#
# There is insufficient memory for the Java Runtime Environment to continue.
# Native memory allocation (mmap) failed to map 134217728 bytes. Error detail: G1 virtual space
# Possible reasons:
#   The system is out of physical RAM or swap space
#   This process is running with CompressedOops enabled, and the Java Heap may be blocking the growth of the native heap
# Possible solutions:
#   Reduce memory load on the system
#   Increase physical memory or swap space
#   Check if swap backing store is full
#   Decrease Java heap size (-Xmx/-Xms)
#   Decrease number of Java threads
#   Decrease Java thread stack sizes (-Xss)
#   Set larger code cache with -XX:ReservedCodeCacheSize=
#   JVM is running with Unscaled Compressed Oops mode in which the Java heap is
#     placed in the first 4GB address space. The Java Heap base address is the
#     maximum limit for the native heap growth. Please use -XX:HeapBaseMinAddress
#     to set the Java Heap base and to place the Java Heap above 4GB virtual address.
# This output file may be truncated or incomplete.
#
#  Out of Memory Error (os_windows.cpp:3614), pid=8696, tid=24780
#
# JRE version:  (17.0.13+11) (build )
# Java VM: OpenJDK 64-Bit Server VM (17.0.13+11-LTS, mixed mode, sharing, tiered, compressed oops, compressed class ptrs, g1 gc, windows-amd64)
# No core dump will be written. Minidumps are not enabled by default on client versions of Windows
#

---------------  S U M M A R Y ------------

Command Line: -ea -Didea.test.cyclic.buffer.size=1048576 -javaagent:D:\Program Files\JetBrains\IntelliJ IDEA Community Edition 2024.3\lib\idea_rt.jar=51038:D:\Program Files\JetBrains\IntelliJ IDEA Community Edition 2024.3\bin -javaagent:C:\Users\DELL\AppData\Local\JetBrains\IdeaIC2024.3\captureAgent\debugger-agent.jar -Dkotlinx.coroutines.debug.enable.creation.stack.trace=false -Ddebugger.agent.enable.coroutines=true -Dkotlinx.coroutines.debug.enable.flows.stack.trace=true -Dkotlinx.coroutines.debug.enable.mutable.state.flows.stack.trace=true -Dfile.encoding=UTF-8 com.intellij.rt.junit.JUnitStarter -ideVersion5 -junit5 com.microservice.user_service.service.UserServiceTest,deleteUserNotFound

Host: Intel(R) Core(TM) i5-7300U CPU @ 2.60GHz, 4 cores, 7G,  Windows 10 , 64 bit Build 19041 (10.0.19041.4957)
Time: Fri Jan 24 16:38:56 2025 India Standard Time elapsed time: 0.019366 seconds (0d 0h 0m 0s)

---------------  T H R E A D  ---------------

Current thread (0x000002885641f390):  JavaThread "Unknown thread" [_thread_in_vm, id=24780, stack(0x000000f198b00000,0x000000f198c00000)]

Stack: [0x000000f198b00000,0x000000f198c00000]
Native frames: (J=compiled Java code, j=interpreted, Vv=VM code, C=native code)
V  [jvm.dll+0x680c19]
V  [jvm.dll+0x83888a]
V  [jvm.dll+0x83a34e]
V  [jvm.dll+0x83a9b3]
V  [jvm.dll+0x2481af]
V  [jvm.dll+0x67d959]
V  [jvm.dll+0x67242a]
V  [jvm.dll+0x30813b]
V  [jvm.dll+0x30f626]
V  [jvm.dll+0x35f94e]
V  [jvm.dll+0x35fb8f]
V  [jvm.dll+0x2df0ec]
V  [jvm.dll+0x2e0044]
V  [jvm.dll+0x80a04b]
V  [jvm.dll+0x36d6c1]
V  [jvm.dll+0x7e8975]
V  [jvm.dll+0x3f109f]
V  [jvm.dll+0x3f2c11]
C  [jli.dll+0x52ab]
C  [ucrtbase.dll+0x21bb2]
C  [KERNEL32.DLL+0x17374]
C  [ntdll.dll+0x4cc91]


---------------  P R O C E S S  ---------------

Threads class SMR info:
_java_thread_list=0x00007fffbd2f8f58, length=0, elements={
}

Java Threads: ( => current thread )

Other Threads:
  0x00000288564359d0 GCTaskThread "GC Thread#0" [stack: 0x000000f198c00000,0x000000f198d00000] [id=16460]
  0x000002885648a400 ConcurrentGCThread "G1 Main Marker" [stack: 0x000000f198d00000,0x000000f198e00000] [id=24600]
  0x000002885648b4d0 ConcurrentGCThread "G1 Conc#0" [stack: 0x000000f198e00000,0x000000f198f00000] [id=9924]

[error occurred during error reporting (printing all threads), id 0xc0000005, EXCEPTION_ACCESS_VIOLATION (0xc0000005) at pc=0x00007fffbcaaf827]

VM state: not at safepoint (not fully initialized)

VM Mutex/Monitor currently owned by a thread:  ([mutex/lock_event])
[0x000002885641af50] Heap_lock - owner thread: 0x000002885641f390

Heap address: 0x0000000081c00000, size: 2020 MB, Compressed Oops mode: 32-bit

CDS archive(s) mapped at: [0x0000000000000000-0x0000000000000000-0x0000000000000000), size 0, SharedBaseAddress: 0x0000000800000000, ArchiveRelocationMode: 1.
Narrow klass base: 0x0000000000000000, Narrow klass shift: 0, Narrow klass range: 0x0

GC Precious Log:
<Empty>

Heap:
 garbage-first heap   total 0K, used 0K [0x0000000081c00000, 0x0000000100000000)
  region size 1024K, 0 young (0K), 0 survivors (0K)

[error occurred during error reporting (printing heap information), id 0xc0000005, EXCEPTION_ACCESS_VIOLATION (0xc0000005) at pc=0x00007fffbce99e69]

GC Heap History (0 events):
No events

Dll operation events (2 events):
Event: 0.013 Loaded shared library C:\Users\DELL\.jdks\corretto-17.0.13\bin\java.dll
Event: 0.014 Loaded shared library C:\Users\DELL\.jdks\corretto-17.0.13\bin\zip.dll

Deoptimization events (0 events):
No events

Classes loaded (0 events):
No events

Classes unloaded (0 events):
No events

Classes redefined (0 events):
No events

Internal exceptions (0 events):
No events

VM Operations (0 events):
No events

Memory protections (0 events):
No events

Nmethod flushes (0 events):
No events

Events (0 events):
No events


Dynamic libraries:
0x00007ff7d5030000 - 0x00007ff7d503e000 	C:\Users\DELL\.jdks\corretto-17.0.13\bin\java.exe
0x00007ff8216d0000 - 0x00007ff8218c8000 	C:\Windows\SYSTEM32\ntdll.dll
0x00007ff81ffc0000 - 0x00007ff820082000 	C:\Windows\System32\KERNEL32.DLL
0x00007ff81f030000 - 0x00007ff81f32e000 	C:\Windows\System32\KERNELBASE.dll
0x00007ff81ef30000 - 0x00007ff81f030000 	C:\Windows\System32\ucrtbase.dll
0x00007ff80e6c0000 - 0x00007ff80e6db000 	C:\Users\DELL\.jdks\corretto-17.0.13\bin\VCRUNTIME140.dll
0x00007ff819000000 - 0x00007ff819017000 	C:\Users\DELL\.jdks\corretto-17.0.13\bin\jli.dll
0x00007ff820fc0000 - 0x00007ff82115d000 	C:\Windows\System32\USER32.dll
0x00007ff80be70000 - 0x00007ff80c10a000 	C:\Windows\WinSxS\amd64_microsoft.windows.common-controls_6595b64144ccf1df_6.0.19041.4355_none_60b8b9eb71f62e16\COMCTL32.dll
0x00007ff820960000 - 0x00007ff8209fe000 	C:\Windows\System32\msvcrt.dll
0x00007ff81f360000 - 0x00007ff81f382000 	C:\Windows\System32\win32u.dll
0x00007ff820650000 - 0x00007ff82067b000 	C:\Windows\System32\GDI32.dll
0x00007ff81f580000 - 0x00007ff81f697000 	C:\Windows\System32\gdi32full.dll
0x00007ff81ee90000 - 0x00007ff81ef2d000 	C:\Windows\System32\msvcp_win.dll
0x00007ff821530000 - 0x00007ff82155f000 	C:\Windows\System32\IMM32.DLL
0x00007ff818ff0000 - 0x00007ff818ffc000 	C:\Users\DELL\.jdks\corretto-17.0.13\bin\vcruntime140_1.dll
0x00007ffff0ff0000 - 0x00007ffff107d000 	C:\Users\DELL\.jdks\corretto-17.0.13\bin\msvcp140.dll
0x00007fffbc7c0000 - 0x00007fffbd42c000 	C:\Users\DELL\.jdks\corretto-17.0.13\bin\server\jvm.dll
0x00007ff81ff00000 - 0x00007ff81ffb2000 	C:\Windows\System32\ADVAPI32.dll
0x00007ff81f6f0000 - 0x00007ff81f790000 	C:\Windows\System32\sechost.dll
0x00007ff820680000 - 0x00007ff8207a3000 	C:\Windows\System32\RPCRT4.dll
0x00007ff81f330000 - 0x00007ff81f357000 	C:\Windows\System32\bcrypt.dll
0x00007ff820ad0000 - 0x00007ff820b3b000 	C:\Windows\System32\WS2_32.dll
0x00007ff81ebd0000 - 0x00007ff81ec1b000 	C:\Windows\SYSTEM32\POWRPROF.dll
0x00007ff8084c0000 - 0x00007ff8084e7000 	C:\Windows\SYSTEM32\WINMM.dll
0x00007ff8184d0000 - 0x00007ff8184da000 	C:\Windows\SYSTEM32\VERSION.dll
0x00007ff81ebb0000 - 0x00007ff81ebc2000 	C:\Windows\SYSTEM32\UMPDC.dll
0x00007ff81d550000 - 0x00007ff81d562000 	C:\Windows\SYSTEM32\kernel.appcore.dll
0x00007ff80e6b0000 - 0x00007ff80e6ba000 	C:\Users\DELL\.jdks\corretto-17.0.13\bin\jimage.dll
0x00007ff81c940000 - 0x00007ff81cb24000 	C:\Windows\SYSTEM32\DBGHELP.DLL
0x00007ff816960000 - 0x00007ff816994000 	C:\Windows\SYSTEM32\dbgcore.DLL
0x00007ff81f390000 - 0x00007ff81f412000 	C:\Windows\System32\bcryptPrimitives.dll
0x00007ff80e4f0000 - 0x00007ff80e4fe000 	C:\Users\DELL\.jdks\corretto-17.0.13\bin\instrument.dll
0x00007ff80c580000 - 0x00007ff80c5a5000 	C:\Users\DELL\.jdks\corretto-17.0.13\bin\java.dll
0x00007ff80c560000 - 0x00007ff80c578000 	C:\Users\DELL\.jdks\corretto-17.0.13\bin\zip.dll

dbghelp: loaded successfully - version: 4.0.5 - missing functions: none
symbol engine: initialized successfully - sym options: 0x614 - pdb path: .;C:\Users\DELL\.jdks\corretto-17.0.13\bin;C:\Windows\SYSTEM32;C:\Windows\WinSxS\amd64_microsoft.windows.common-controls_6595b64144ccf1df_6.0.19041.4355_none_60b8b9eb71f62e16;C:\Users\DELL\.jdks\corretto-17.0.13\bin\server

VM Arguments:
jvm_args: -ea -Didea.test.cyclic.buffer.size=1048576 -javaagent:D:\Program Files\JetBrains\IntelliJ IDEA Community Edition 2024.3\lib\idea_rt.jar=51038:D:\Program Files\JetBrains\IntelliJ IDEA Community Edition 2024.3\bin -javaagent:C:\Users\DELL\AppData\Local\JetBrains\IdeaIC2024.3\captureAgent\debugger-agent.jar -Dkotlinx.coroutines.debug.enable.creation.stack.trace=false -Ddebugger.agent.enable.coroutines=true -Dkotlinx.coroutines.debug.enable.flows.stack.trace=true -Dkotlinx.coroutines.debug.enable.mutable.state.flows.stack.trace=true -Dfile.encoding=UTF-8 
java_command: com.intellij.rt.junit.JUnitStarter -ideVersion5 -junit5 com.microservice.user_service.service.UserServiceTest,deleteUserNotFound
java_class_path (initial): C:\Users\DELL\.m2\repository\org\junit\platform\junit-platform-launcher\1.11.4\junit-platform-launcher-1.11.4.jar;C:\Users\DELL\.m2\repository\org\junit\vintage\junit-vintage-engine\5.11.4\junit-vintage-engine-5.11.4.jar;D:\Program Files\JetBrains\IntelliJ IDEA Community Edition 2024.3\lib\idea_rt.jar;D:\Program Files\JetBrains\IntelliJ IDEA Community Edition 2024.3\plugins\junit\lib\junit5-rt.jar;D:\Program Files\JetBrains\IntelliJ IDEA Community Edition 2024.3\plugins\junit\lib\junit-rt.jar;D:\nony\Projects\Microservice\online-library-management-system\user-service\target\test-classes;D:\nony\Projects\Microservice\online-library-management-system\user-service\target\classes;C:\Users\DELL\.m2\repository\org\springframework\boot\spring-boot-starter-data-jpa\3.4.1\spring-boot-starter-data-jpa-3.4.1.jar;C:\Users\DELL\.m2\repository\org\springframework\boot\spring-boot-starter\3.4.1\spring-boot-starter-3.4.1.jar;C:\Users\DELL\.m2\repository\org\springframework\boot\spring-boot\3.4.1\spring-boot-3.4.1.jar;C:\Users\DELL\.m2\repository\org\springframework\boot\spring-boot-autoconfigure\3.4.1\spring-boot-autoconfigure-3.4.1.jar;C:\Users\DELL\.m2\repository\org\springframework\boot\spring-boot-starter-logging\3.4.1\spring-boot-starter-logging-3.4.1.jar;C:\Users\DELL\.m2\repository\ch\qos\logback\logback-classic\1.5.12\logback-classic-1.5.12.jar;C:\Users\DELL\.m2\repository\ch\qos\logback\logback-core\1.5.12\logback-core-1.5.12.jar;C:\Users\DELL\.m2\repository\org\apache\logging\log4j\log4j-to-slf4j\2.24.3\log4j-to-slf4j-2.24.3.jar;C:\Users\DELL\.m2\repository\org\apache\logging\log4j\log4j-api\2.24.3\log4j-api-2.24.3.jar;C:\Users\DELL\.m2\repository\org\slf4j\jul-to-slf4j\2.0.16\jul-to-slf4j-2.0.16.jar;C:\Users\DELL\.m2\repository\jakarta\annotation\jakarta.annotation-api\2.1.1\jakarta.annotation-api-2.1.1.jar;C:\Users\DELL\.m2\repository\org\yaml\snakeyaml\2.3\snakeyaml-2.3.jar;C:\Users\DELL\.m2\repository\org\springframework\boot\spring-boot-s
Launcher Type: SUN_STANDARD

[Global flags]
     intx CICompilerCount                          = 3                                         {product} {ergonomic}
     uint ConcGCThreads                            = 1                                         {product} {ergonomic}
     uint G1ConcRefinementThreads                  = 4                                         {product} {ergonomic}
   size_t G1HeapRegionSize                         = 1048576                                   {product} {ergonomic}
    uintx GCDrainStackTargetSize                   = 64                                        {product} {ergonomic}
   size_t InitialHeapSize                          = 134217728                                 {product} {ergonomic}
   size_t MarkStackSize                            = 4194304                                   {product} {ergonomic}
   size_t MaxHeapSize                              = 2118123520                                {product} {ergonomic}
   size_t MinHeapDeltaBytes                        = 1048576                                   {product} {ergonomic}
   size_t MinHeapSize                              = 8388608                                   {product} {ergonomic}
    uintx NonNMethodCodeHeapSize                   = 5832780                                {pd product} {ergonomic}
    uintx NonProfiledCodeHeapSize                  = 122912730                              {pd product} {ergonomic}
    uintx ProfiledCodeHeapSize                     = 122912730                              {pd product} {ergonomic}
    uintx ReservedCodeCacheSize                    = 251658240                              {pd product} {ergonomic}
     bool SegmentedCodeCache                       = true                                      {product} {ergonomic}
   size_t SoftMaxHeapSize                          = 2118123520                             {manageable} {ergonomic}
     bool UseCompressedClassPointers               = true                           {product lp64_product} {ergonomic}
     bool UseCompressedOops                        = true                           {product lp64_product} {ergonomic}
     bool UseG1GC                                  = true                                      {product} {ergonomic}
     bool UseLargePagesIndividualAllocation        = false                                  {pd product} {ergonomic}

Logging:
Log output configuration:
 #0: stdout all=warning uptime,level,tags
 #1: stderr all=off uptime,level,tags

Environment Variables:
JAVA_HOME=C:\Program Files\Java\jdk-17
PATH=C:\Program Files\Common Files\Oracle\Java\javapath;C:\Windows\system32;C:\Windows;C:\Windows\System32\Wbem;C:\Windows\System32\WindowsPowerShell\v1.0\;C:\Windows\System32\OpenSSH\;D:\Program Files\Git\cmd;D:\Program Files\MongoDB\Server\7.0\bin;C:\Program Files\MongoDB\mongosh-2.3.0-win32-x64\bin;C:\Program Files\MongoDB\Server\7.0\bin;C:\Program Files\MongoDB\mongosh-2.3.0-win32-x64\bin;C:\Program Files\Java\jdk-17\bin;C:\Users\DELL\AppData\Local\Microsoft\WindowsApps;D:\Program Files\JetBrains\IntelliJ IDEA Community Edition 2024.3\bin;C:\msys64\ucrt64\bin;;D:\Users\DELL\AppData\Local\Programs\Microsoft VS Code\bin;C:\msys64\ucrt64\bin;C:\Program Files\Docker\Docker\resources\bin;
USERNAME=DELL
OS=Windows_NT
PROCESSOR_IDENTIFIER=Intel64 Family 6 Model 142 Stepping 9, GenuineIntel
TMP=C:\Users\DELL\AppData\Local\Temp
TEMP=C:\Users\DELL\AppData\Local\Temp



Periodic native trim disabled


---------------  S Y S T E M  ---------------

OS:
 Windows 10 , 64 bit Build 19041 (10.0.19041.4957)
OS uptime: 8 days 3:36 hours
Hyper-V role detected

CPU: total 4 (initial active 4) (2 cores per cpu, 2 threads per core) family 6 model 142 stepping 9 microcode 0xf6, cx8, cmov, fxsr, ht, mmx, 3dnowpref, sse, sse2, sse3, ssse3, sse4.1, sse4.2, popcnt, lzcnt, tsc, tscinvbit, avx, avx2, aes, erms, clmul, bmi1, bmi2, rtm, adx, fma, vzeroupper, clflush, clflushopt, hv
Processor Information for all 4 processors :
  Max Mhz: 2701, Current Mhz: 2701, Mhz Limit: 2701

Memory: 4k page, system-wide physical 8073M (610M free)
TotalPageFile size 20870M (AvailPageFile size 127M)
current process WorkingSet (physical memory assigned to process): 10M, peak: 10M
current process commit charge ("private bytes"): 52M, peak: 180M

vm_info: OpenJDK 64-Bit Server VM (17.0.13+11-LTS) for windows-amd64 JRE (17.0.13+11-LTS), built on Oct 10 2024 19:51:30 by "Administrator" with MS VC++ 16.10 / 16.11 (VS2019)

END.
